-------------------------------------------------------------------------------
Test set: com.bookread.app.ApplicationTests
-------------------------------------------------------------------------------
Tests run: 1, Failures: 0, Errors: 1, Skipped: 0, Time elapsed: 5.427 s <<< FAILURE! - in com.bookread.app.ApplicationTests
contextLoads  Time elapsed: 0.001 s  <<< ERROR!
java.lang.IllegalStateException: Failed to load ApplicationContext
Caused by: org.springframework.beans.factory.BeanCreationException: Error creating bean with name 'entityManagerFactory' defined in class path resource [org/springframework/boot/autoconfigure/orm/jpa/HibernateJpaConfiguration.class]: Invocation of init method failed; nested exception is org.hibernate.MappingException: Unable to find column with logical name: author_id in org.hibernate.mapping.Table(authors) and its related supertables and secondary tables
Caused by: org.hibernate.MappingException: Unable to find column with logical name: author_id in org.hibernate.mapping.Table(authors) and its related supertables and secondary tables

